# JRE version: OpenJDK Runtime Environment (8.0_242-b01) (build 1.8.0_242-release-1644-b01)
# Java VM: OpenJDK 64-Bit Server VM (25.242-b01 mixed mode windows-amd64 compressed oops)
Heap:
 PSYoungGen      total 263168K, used 262920K [0x00000000d5580000, 0x00000000eab80000, 0x0000000100000000)
  eden space 244224K, 100% used [0x00000000d5580000,0x00000000e4400000,0x00000000e4400000)
  from space 18944K, 98% used [0x00000000e9900000,0x00000000eab423e8,0x00000000eab80000)
  to   space 36352K, 54% used [0x00000000e6480000,0x00000000e77ee300,0x00000000e8800000)
 ParOldGen       total 136192K, used 65826K [0x0000000080000000, 0x0000000088500000, 0x00000000d5580000)
  object space 136192K, 48% used [0x0000000080000000,0x0000000084048880,0x0000000088500000)
 Metaspace       used 91292K, capacity 96328K, committed 96560K, reserved 1132544K
  class space    used 12063K, capacity 12989K, committed 13104K, reserved 1048576K
GC Heap History (10 events):
Event: 18.960 GC heap after
Heap after GC invocations=13 (full 3):
 PSYoungGen      total 239616K, used 0K [0x00000000d5580000, 0x00000000e5900000, 0x0000000100000000)
  eden space 220672K, 0% used [0x00000000d5580000,0x00000000d5580000,0x00000000e2d00000)
  from space 18944K, 0% used [0x00000000e4300000,0x00000000e4300000,0x00000000e5580000)
  to   space 22528K, 0% used [0x00000000e2d00000,0x00000000e2d00000,0x00000000e4300000)
 ParOldGen       total 136192K, used 32880K [0x0000000080000000, 0x0000000088500000, 0x00000000d5580000)
  object space 136192K, 24% used [0x0000000080000000,0x000000008201c088,0x0000000088500000)
 Metaspace       used 57059K, capacity 59060K, committed 59160K, reserved 1099776K
  class space    used 7824K, capacity 8311K, committed 8368K, reserved 1048576K
}
Event: 28.874 GC heap before
{Heap before GC invocations=14 (full 3):
 PSYoungGen      total 239616K, used 220672K [0x00000000d5580000, 0x00000000e5900000, 0x0000000100000000)
  eden space 220672K, 100% used [0x00000000d5580000,0x00000000e2d00000,0x00000000e2d00000)
  from space 18944K, 0% used [0x00000000e4300000,0x00000000e4300000,0x00000000e5580000)
  to   space 22528K, 0% used [0x00000000e2d00000,0x00000000e2d00000,0x00000000e4300000)
 ParOldGen       total 136192K, used 32880K [0x0000000080000000, 0x0000000088500000, 0x00000000d5580000)
  object space 136192K, 24% used [0x0000000080000000,0x000000008201c088,0x0000000088500000)
 Metaspace       used 65470K, capacity 68466K, committed 68528K, reserved 1107968K
  class space    used 9016K, capacity 9622K, committed 9648K, reserved 1048576K
Event: 28.894 GC heap after
Heap after GC invocations=14 (full 3):
 PSYoungGen      total 243200K, used 17112K [0x00000000d5580000, 0x00000000e8680000, 0x0000000100000000)
  eden space 220672K, 0% used [0x00000000d5580000,0x00000000d5580000,0x00000000e2d00000)
  from space 22528K, 75% used [0x00000000e2d00000,0x00000000e3db60d0,0x00000000e4300000)
  to   space 23552K, 0% used [0x00000000e6f80000,0x00000000e6f80000,0x00000000e8680000)
 ParOldGen       total 136192K, used 32888K [0x0000000080000000, 0x0000000088500000, 0x00000000d5580000)
  object space 136192K, 24% used [0x0000000080000000,0x000000008201e088,0x0000000088500000)
 Metaspace       used 65470K, capacity 68466K, committed 68528K, reserved 1107968K
  class space    used 9016K, capacity 9622K, committed 9648K, reserved 1048576K
}
Event: 36.271 GC heap before
{Heap before GC invocations=15 (full 3):
 PSYoungGen      total 243200K, used 237784K [0x00000000d5580000, 0x00000000e8680000, 0x0000000100000000)
  eden space 220672K, 100% used [0x00000000d5580000,0x00000000e2d00000,0x00000000e2d00000)
  from space 22528K, 75% used [0x00000000e2d00000,0x00000000e3db60d0,0x00000000e4300000)
  to   space 23552K, 0% used [0x00000000e6f80000,0x00000000e6f80000,0x00000000e8680000)
 ParOldGen       total 136192K, used 32888K [0x0000000080000000, 0x0000000088500000, 0x00000000d5580000)
  object space 136192K, 24% used [0x0000000080000000,0x000000008201e088,0x0000000088500000)
 Metaspace       used 80925K, capacity 84974K, committed 85168K, reserved 1122304K
  class space    used 11086K, capacity 11838K, committed 11952K, reserved 1048576K
Event: 36.341 GC heap after
Heap after GC invocations=15 (full 3):
 PSYoungGen      total 276480K, used 23524K [0x00000000d5580000, 0x00000000e9d80000, 0x0000000100000000)
  eden space 252928K, 0% used [0x00000000d5580000,0x00000000d5580000,0x00000000e4c80000)
  from space 23552K, 99% used [0x00000000e6f80000,0x00000000e86792a8,0x00000000e8680000)
  to   space 35840K, 0% used [0x00000000e4c80000,0x00000000e4c80000,0x00000000e6f80000)
 ParOldGen       total 136192K, used 56067K [0x0000000080000000, 0x0000000088500000, 0x00000000d5580000)
  object space 136192K, 41% used [0x0000000080000000,0x00000000836c0ff8,0x0000000088500000)
 Metaspace       used 80925K, capacity 84974K, committed 85168K, reserved 1122304K
  class space    used 11086K, capacity 11838K, committed 11952K, reserved 1048576K
}
Event: 511.431 GC heap before
{Heap before GC invocations=16 (full 3):
 PSYoungGen      total 276480K, used 276452K [0x00000000d5580000, 0x00000000e9d80000, 0x0000000100000000)
  eden space 252928K, 100% used [0x00000000d5580000,0x00000000e4c80000,0x00000000e4c80000)
  from space 23552K, 99% used [0x00000000e6f80000,0x00000000e86792a8,0x00000000e8680000)
  to   space 35840K, 0% used [0x00000000e4c80000,0x00000000e4c80000,0x00000000e6f80000)
 ParOldGen       total 136192K, used 56067K [0x0000000080000000, 0x0000000088500000, 0x00000000d5580000)
  object space 136192K, 41% used [0x0000000080000000,0x00000000836c0ff8,0x0000000088500000)
 Metaspace       used 88463K, capacity 92930K, committed 93104K, reserved 1130496K
  class space    used 11866K, capacity 12712K, committed 12720K, reserved 1048576K
Event: 511.478 GC heap after
Heap after GC invocations=16 (full 3):
 PSYoungGen      total 288768K, used 24462K [0x00000000d5580000, 0x00000000ebd80000, 0x0000000100000000)
  eden space 252928K, 0% used [0x00000000d5580000,0x00000000d5580000,0x00000000e4c80000)
  from space 35840K, 68% used [0x00000000e4c80000,0x00000000e6463a20,0x00000000e6f80000)
  to   space 37376K, 0% used [0x00000000e9900000,0x00000000e9900000,0x00000000ebd80000)
 ParOldGen       total 136192K, used 65818K [0x0000000080000000, 0x0000000088500000, 0x00000000d5580000)
  object space 136192K, 48% used [0x0000000080000000,0x0000000084046880,0x0000000088500000)
 Metaspace       used 88463K, capacity 92930K, committed 93104K, reserved 1130496K
  class space    used 11866K, capacity 12712K, committed 12720K, reserved 1048576K
}
Event: 1812.009 GC heap before
{Heap before GC invocations=17 (full 3):
 PSYoungGen      total 288768K, used 277390K [0x00000000d5580000, 0x00000000ebd80000, 0x0000000100000000)
  eden space 252928K, 100% used [0x00000000d5580000,0x00000000e4c80000,0x00000000e4c80000)
  from space 35840K, 68% used [0x00000000e4c80000,0x00000000e6463a20,0x00000000e6f80000)
  to   space 37376K, 0% used [0x00000000e9900000,0x00000000e9900000,0x00000000ebd80000)
 ParOldGen       total 136192K, used 65818K [0x0000000080000000, 0x0000000088500000, 0x00000000d5580000)
  object space 136192K, 48% used [0x0000000080000000,0x0000000084046880,0x0000000088500000)
 Metaspace       used 90012K, capacity 94914K, committed 95152K, reserved 1132544K
  class space    used 11971K, capacity 12884K, committed 12976K, reserved 1048576K
Event: 1812.294 GC heap after
Heap after GC invocations=17 (full 3):
 PSYoungGen      total 263168K, used 18696K [0x00000000d5580000, 0x00000000eab80000, 0x0000000100000000)
  eden space 244224K, 0% used [0x00000000d5580000,0x00000000d5580000,0x00000000e4400000)
  from space 18944K, 98% used [0x00000000e9900000,0x00000000eab423e8,0x00000000eab80000)
  to   space 36352K, 0% used [0x00000000e6480000,0x00000000e6480000,0x00000000e8800000)
 ParOldGen       total 136192K, used 65826K [0x0000000080000000, 0x0000000088500000, 0x00000000d5580000)
  object space 136192K, 48% used [0x0000000080000000,0x0000000084048880,0x0000000088500000)
 Metaspace       used 90012K, capacity 94914K, committed 95152K, reserved 1132544K
  class space    used 11971K, capacity 12884K, committed 12976K, reserved 1048576K
}
Event: 2023.873 GC heap before
{Heap before GC invocations=18 (full 3):
 PSYoungGen      total 263168K, used 262920K [0x00000000d5580000, 0x00000000eab80000, 0x0000000100000000)
  eden space 244224K, 100% used [0x00000000d5580000,0x00000000e4400000,0x00000000e4400000)
  from space 18944K, 98% used [0x00000000e9900000,0x00000000eab423e8,0x00000000eab80000)
  to   space 36352K, 0% used [0x00000000e6480000,0x00000000e6480000,0x00000000e8800000)
 ParOldGen       total 136192K, used 65826K [0x0000000080000000, 0x0000000088500000, 0x00000000d5580000)
  object space 136192K, 48% used [0x0000000080000000,0x0000000084048880,0x0000000088500000)
 Metaspace       used 91292K, capacity 96328K, committed 96560K, reserved 1132544K
  class space    used 12063K, capacity 12989K, committed 13104K, reserved 1048576K

