# JRE version: OpenJDK Runtime Environment (8.0_242-b01) (build 1.8.0_242-release-1644-b01)
# Java VM: OpenJDK 64-Bit Server VM (25.242-b01 mixed mode windows-amd64 compressed oops)
Heap:
 PSYoungGen      total 386048K, used 192575K [0x00000000d5580000, 0x00000000f5080000, 0x0000000100000000)
  eden space 345600K, 44% used [0x00000000d5580000,0x00000000dea52ad8,0x00000000ea700000)
  from space 40448K, 99% used [0x00000000ea700000,0x00000000ece3d2d0,0x00000000ece80000)
  to   space 47104K, 0% used [0x00000000f2280000,0x00000000f22e4010,0x00000000f5080000)
 ParOldGen       total 165888K, used 99002K [0x0000000080000000, 0x000000008a200000, 0x00000000d5580000)
  object space 165888K, 59% used [0x0000000080000000,0x00000000860aeaa0,0x000000008a200000)
 Metaspace       used 113125K, capacity 118832K, committed 118832K, reserved 1157120K
  class space    used 14564K, capacity 15664K, committed 15664K, reserved 1048576K
GC Heap History (10 events):
Event: 52.247 GC heap before
{Heap before GC invocations=21 (full 3):
 PSYoungGen      total 350208K, used 266637K [0x00000000d5580000, 0x00000000f0180000, 0x0000000100000000)
  eden space 321536K, 76% used [0x00000000d5580000,0x00000000e45cc798,0x00000000e8f80000)
  from space 28672K, 71% used [0x00000000e8f80000,0x00000000ea396d78,0x00000000eab80000)
  to   space 30208K, 0% used [0x00000000ee400000,0x00000000ee400000,0x00000000f0180000)
 ParOldGen       total 109568K, used 61674K [0x0000000080000000, 0x0000000086b00000, 0x00000000d5580000)
  object space 109568K, 56% used [0x0000000080000000,0x0000000083c3aa80,0x0000000086b00000)
 Metaspace       used 93585K, capacity 98576K, committed 98600K, reserved 1134592K
  class space    used 12545K, capacity 13479K, committed 13488K, reserved 1048576K
Event: 52.262 GC heap after
Heap after GC invocations=21 (full 3):
 PSYoungGen      total 394752K, used 11423K [0x00000000d5580000, 0x00000000ef980000, 0x0000000100000000)
  eden space 372736K, 0% used [0x00000000d5580000,0x00000000d5580000,0x00000000ec180000)
  from space 22016K, 51% used [0x00000000ee400000,0x00000000eef27ef8,0x00000000ef980000)
  to   space 28672K, 0% used [0x00000000ec180000,0x00000000ec180000,0x00000000edd80000)
 ParOldGen       total 109568K, used 61682K [0x0000000080000000, 0x0000000086b00000, 0x00000000d5580000)
  object space 109568K, 56% used [0x0000000080000000,0x0000000083c3ca80,0x0000000086b00000)
 Metaspace       used 93585K, capacity 98576K, committed 98600K, reserved 1134592K
  class space    used 12545K, capacity 13479K, committed 13488K, reserved 1048576K
}
Event: 52.262 GC heap before
{Heap before GC invocations=22 (full 4):
 PSYoungGen      total 394752K, used 11423K [0x00000000d5580000, 0x00000000ef980000, 0x0000000100000000)
  eden space 372736K, 0% used [0x00000000d5580000,0x00000000d5580000,0x00000000ec180000)
  from space 22016K, 51% used [0x00000000ee400000,0x00000000eef27ef8,0x00000000ef980000)
  to   space 28672K, 0% used [0x00000000ec180000,0x00000000ec180000,0x00000000edd80000)
 ParOldGen       total 109568K, used 61682K [0x0000000080000000, 0x0000000086b00000, 0x00000000d5580000)
  object space 109568K, 56% used [0x0000000080000000,0x0000000083c3ca80,0x0000000086b00000)
 Metaspace       used 93585K, capacity 98576K, committed 98600K, reserved 1134592K
  class space    used 12545K, capacity 13479K, committed 13488K, reserved 1048576K
Event: 52.511 GC heap after
Heap after GC invocations=22 (full 4):
 PSYoungGen      total 394752K, used 0K [0x00000000d5580000, 0x00000000ef980000, 0x0000000100000000)
  eden space 372736K, 0% used [0x00000000d5580000,0x00000000d5580000,0x00000000ec180000)
  from space 22016K, 0% used [0x00000000ee400000,0x00000000ee400000,0x00000000ef980000)
  to   space 28672K, 0% used [0x00000000ec180000,0x00000000ec180000,0x00000000edd80000)
 ParOldGen       total 165888K, used 63842K [0x0000000080000000, 0x000000008a200000, 0x00000000d5580000)
  object space 165888K, 38% used [0x0000000080000000,0x0000000083e58bc8,0x000000008a200000)
 Metaspace       used 93260K, capacity 97660K, committed 98600K, reserved 1134592K
  class space    used 12437K, capacity 13289K, committed 13488K, reserved 1048576K
}
Event: 1431.502 GC heap before
{Heap before GC invocations=23 (full 4):
 PSYoungGen      total 394752K, used 372736K [0x00000000d5580000, 0x00000000ef980000, 0x0000000100000000)
  eden space 372736K, 100% used [0x00000000d5580000,0x00000000ec180000,0x00000000ec180000)
  from space 22016K, 0% used [0x00000000ee400000,0x00000000ee400000,0x00000000ef980000)
  to   space 28672K, 0% used [0x00000000ec180000,0x00000000ec180000,0x00000000edd80000)
 ParOldGen       total 165888K, used 63842K [0x0000000080000000, 0x000000008a200000, 0x00000000d5580000)
  object space 165888K, 38% used [0x0000000080000000,0x0000000083e58bc8,0x000000008a200000)
 Metaspace       used 111168K, capacity 116642K, committed 116784K, reserved 1150976K
  class space    used 14461K, capacity 15549K, committed 15664K, reserved 1048576K
Event: 1431.584 GC heap after
Heap after GC invocations=23 (full 4):
 PSYoungGen      total 386560K, used 28668K [0x00000000d5580000, 0x00000000ef600000, 0x0000000100000000)
  eden space 357888K, 0% used [0x00000000d5580000,0x00000000d5580000,0x00000000eb300000)
  from space 28672K, 99% used [0x00000000ec180000,0x00000000edd7f0a8,0x00000000edd80000)
  to   space 25088K, 0% used [0x00000000edd80000,0x00000000edd80000,0x00000000ef600000)
 ParOldGen       total 165888K, used 66852K [0x0000000080000000, 0x000000008a200000, 0x00000000d5580000)
  object space 165888K, 40% used [0x0000000080000000,0x0000000084149220,0x000000008a200000)
 Metaspace       used 111168K, capacity 116642K, committed 116784K, reserved 1150976K
  class space    used 14461K, capacity 15549K, committed 15664K, reserved 1048576K
}
Event: 1441.605 GC heap before
{Heap before GC invocations=24 (full 4):
 PSYoungGen      total 386560K, used 386556K [0x00000000d5580000, 0x00000000ef600000, 0x0000000100000000)
  eden space 357888K, 100% used [0x00000000d5580000,0x00000000eb300000,0x00000000eb300000)
  from space 28672K, 99% used [0x00000000ec180000,0x00000000edd7f0a8,0x00000000edd80000)
  to   space 25088K, 0% used [0x00000000edd80000,0x00000000edd80000,0x00000000ef600000)
 ParOldGen       total 165888K, used 66852K [0x0000000080000000, 0x000000008a200000, 0x00000000d5580000)
  object space 165888K, 40% used [0x0000000080000000,0x0000000084149220,0x000000008a200000)
 Metaspace       used 112733K, capacity 118348K, committed 118576K, reserved 1153024K
  class space    used 14541K, capacity 15628K, committed 15664K, reserved 1048576K
Event: 1441.652 GC heap after
Heap after GC invocations=24 (full 4):
 PSYoungGen      total 368640K, used 25070K [0x00000000d5580000, 0x00000000ef600000, 0x0000000100000000)
  eden space 343552K, 0% used [0x00000000d5580000,0x00000000d5580000,0x00000000ea500000)
  from space 25088K, 99% used [0x00000000edd80000,0x00000000ef5fbbb0,0x00000000ef600000)
  to   space 40448K, 0% used [0x00000000ea700000,0x00000000ea700000,0x00000000ece80000)
 ParOldGen       total 165888K, used 77852K [0x0000000080000000, 0x000000008a200000, 0x00000000d5580000)
  object space 165888K, 46% used [0x0000000080000000,0x0000000084c07338,0x000000008a200000)
 Metaspace       used 112733K, capacity 118348K, committed 118576K, reserved 1153024K
  class space    used 14541K, capacity 15628K, committed 15664K, reserved 1048576K
}
Event: 1445.300 GC heap before
{Heap before GC invocations=25 (full 4):
 PSYoungGen      total 368640K, used 368622K [0x00000000d5580000, 0x00000000ef600000, 0x0000000100000000)
  eden space 343552K, 100% used [0x00000000d5580000,0x00000000ea500000,0x00000000ea500000)
  from space 25088K, 99% used [0x00000000edd80000,0x00000000ef5fbbb0,0x00000000ef600000)
  to   space 40448K, 0% used [0x00000000ea700000,0x00000000ea700000,0x00000000ece80000)
 ParOldGen       total 165888K, used 77852K [0x0000000080000000, 0x000000008a200000, 0x00000000d5580000)
  object space 165888K, 46% used [0x0000000080000000,0x0000000084c07338,0x000000008a200000)
 Metaspace       used 112970K, capacity 118628K, committed 118832K, reserved 1153024K
  class space    used 14551K, capacity 15640K, committed 15664K, reserved 1048576K
Event: 1445.491 GC heap after
Heap after GC invocations=25 (full 4):
 PSYoungGen      total 386048K, used 40180K [0x00000000d5580000, 0x00000000f5080000, 0x0000000100000000)
  eden space 345600K, 0% used [0x00000000d5580000,0x00000000d5580000,0x00000000ea700000)
  from space 40448K, 99% used [0x00000000ea700000,0x00000000ece3d2d0,0x00000000ece80000)
  to   space 47104K, 0% used [0x00000000f2280000,0x00000000f2280000,0x00000000f5080000)
 ParOldGen       total 165888K, used 98946K [0x0000000080000000, 0x000000008a200000, 0x00000000d5580000)
  object space 165888K, 59% used [0x0000000080000000,0x00000000860a0aa0,0x000000008a200000)
 Metaspace       used 112970K, capacity 118628K, committed 118832K, reserved 1153024K
  class space    used 14551K, capacity 15640K, committed 15664K, reserved 1048576K
}

